<?xml version="1.0" encoding="UTF-8"?>
<!-- Generated by org.testng.reporters.JUnitReportReporter -->
<testsuite hostname="INPUNMATHD86-PC" name="shapespackage.ThreeDshapes" tests="1" failures="0" timestamp="29 Dec 2016 03:55:33 GMT" time="222.862" errors="0">
  <testcase name="sorting" time="222.862" classname="shapespackage.ThreeDshapes"/>
</testsuite> <!-- shapespackage.ThreeDshapes -->
