<?xml version="1.0" encoding="UTF-8"?>
<!-- Generated by org.testng.reporters.JUnitReportReporter -->
<testsuite hostname="INPUNMATHD86-PC" name="homepagepackage.Homepageautomation" tests="2" failures="0" timestamp="4 Jan 2017 09:06:58 GMT" time="122.568" errors="0">
  <testcase name="testlevel" time="118.376" classname="homepagepackage.Homepageautomation"/>
  <testcase name="testhomepage" time="4.192" classname="homepagepackage.Homepageautomation"/>
</testsuite> <!-- homepagepackage.Homepageautomation -->
