<?xml version="1.0" encoding="UTF-8"?>
<!-- Generated by org.testng.reporters.JUnitReportReporter -->
<testsuite hostname="INPUNMATHD30-PC" name="com.FirstRainMvn.regression.TestCase_02" tests="1" failures="0" timestamp="9 Jan 2017 10:17:02 GMT" time="56.430" errors="0">
  <testcase name="Addbugs" time="56.430" classname="com.FirstRainMvn.regression.TestCase_02"/>
</testsuite> <!-- com.FirstRainMvn.regression.TestCase_02 -->
