<?xml version="1.0" encoding="UTF-8"?>
<!-- Generated by org.testng.reporters.JUnitReportReporter -->
<testsuite hostname="INPUNMATHD86-PC" name="com.FirstRainMvn.regression.Test_01_Addbugs" tests="1" failures="0" timestamp="11 Jan 2017 09:53:33 GMT" time="87.968" errors="0">
  <testcase name="Positive_Addbugs" time="87.968" classname="com.FirstRainMvn.regression.Test_01_Addbugs"/>
</testsuite> <!-- com.FirstRainMvn.regression.Test_01_Addbugs -->
