<?xml version="1.0" encoding="UTF-8"?>
<!-- Generated by org.testng.reporters.JUnitReportReporter -->
<testsuite hostname="INPUNMATHD30-PC" name="com.FirstRainMvn.regression.MyTest" tests="1" failures="0" timestamp="5 Jan 2017 05:53:21 GMT" time="24.321" errors="0">
  <testcase name="test01" time="24.321" classname="com.FirstRainMvn.regression.MyTest"/>
</testsuite> <!-- com.FirstRainMvn.regression.MyTest -->
