<?xml version="1.0" encoding="UTF-8"?>
<!-- Generated by org.testng.reporters.JUnitReportReporter -->
<testsuite hostname="INPUNMATHD30-PC" name="com.FirstRainMvn.regression.Test_02_Addbugs" tests="1" failures="0" timestamp="9 Jan 2017 12:23:04 GMT" time="120.000" errors="0">
  <testcase name="Negative_Addbugs" time="120.000" classname="com.FirstRainMvn.regression.Test_02_Addbugs"/>
</testsuite> <!-- com.FirstRainMvn.regression.Test_02_Addbugs -->
