<?xml version="1.0" encoding="UTF-8"?>
<!-- Generated by org.testng.reporters.JUnitReportReporter -->
<testsuite hostname="PraviJagtap-PC" name="screenshot.Screen" tests="1" failures="0" timestamp="30 Jun 2016 11:29:17 GMT" time="1.503" errors="0">
  <testcase name="testStaticForm" time="1.503" classname="screenshot.Screen"/>
</testsuite> <!-- screenshot.Screen -->
