<?xml version="1.0" encoding="UTF-8"?>
<!-- Generated by org.testng.reporters.JUnitReportReporter -->
<testsuite hostname="INPUNMATHD86-PC" name="timeweek.week" tests="2" failures="0" timestamp="29 Dec 2016 09:34:00 GMT" time="114.569" errors="0">
  <testcase name="sorting" time="14.963" classname="timeweek.week"/>
  <testcase name="words" time="99.606" classname="timeweek.week"/>
</testsuite> <!-- timeweek.week -->
