<?xml version="1.0" encoding="UTF-8"?>
<!-- Generated by org.testng.reporters.JUnitReportReporter -->
<testsuite hostname="PraviJagtap-PC" name="seliniumwithtestng.Selmaintest" tests="2" failures="0" timestamp="21 Jun 2016 10:05:18 GMT" time="14.593" errors="0">
  <testcase name="logout" time="8.855" classname="seliniumwithtestng.Selmaintest"/>
  <testcase name="gmailogin" time="5.738" classname="seliniumwithtestng.Selmaintest"/>
</testsuite> <!-- seliniumwithtestng.Selmaintest -->
