<?xml version="1.0" encoding="UTF-8"?>
<!-- Generated by org.testng.reporters.JUnitReportReporter -->
<testsuite hostname="INPUNMATHD86-PC" name="levelBNumber.Allgames.NumberTest" tests="1" failures="0" timestamp="8 Feb 2017 09:24:19 GMT" time="30.979" errors="0">
  <testcase name="NumberlevelBopening" time="30.979" classname="levelBNumber.Allgames.NumberTest"/>
</testsuite> <!-- levelBNumber.Allgames.NumberTest -->
