<?xml version="1.0" encoding="UTF-8"?>
<!-- Generated by org.testng.reporters.JUnitReportReporter -->
<testsuite hostname="INPUNMATHD86-PC" name="spacetest.Runtestshape" tests="1" failures="0" timestamp="17 Jan 2017 10:05:53 GMT" time="203.007" errors="0">
  <testcase name="run" time="203.007" classname="spacetest.Runtestshape"/>
</testsuite> <!-- spacetest.Runtestshape -->
