<?xml version="1.0" encoding="UTF-8"?>
<!-- Generated by org.testng.reporters.JUnitReportReporter -->
<testsuite hostname="INPUNMATHD86-PC" name="Measurementtest.Runtest" tests="1" failures="0" timestamp="6 Jan 2017 10:53:13 GMT" time="110.229" errors="0">
  <testcase name="Test" time="110.229" classname="Measurementtest.Runtest"/>
</testsuite> <!-- Measurementtest.Runtest -->
