<?xml version="1.0" encoding="UTF-8"?>
<!-- Generated by org.testng.reporters.JUnitReportReporter -->
<testsuite hostname="INPUNMATHD86-PC" name="Count.Countcrayfishtest" tests="2" failures="0" timestamp="2 Jan 2017 10:29:52 GMT" time="3.552" errors="0">
  <testcase name="Plusbutton" time="1.951" classname="Count.Countcrayfishtest"/>
  <testcase name="Minusbutton" time="1.601" classname="Count.Countcrayfishtest"/>
</testsuite> <!-- Count.Countcrayfishtest -->
